--> request http://google.com/ started...
--> request http://youtube.com/ started...
--> request http://facebook.com/ started...
--> request http://baidu.com/ started...
--> request http://yahoo.com/ started...
--> request http://amazon.com/ started...
--> request http://wikipedia.org/ started...
--> request http://google.co.in/ started...
--> request http://twitter.com/ started...
--> request http://qq.com/ started...
--> request http://live.com/ started...
--> request http://taobao.com/ started...
--> request http://bing.com/ started...
--> request http://google.co.jp/ started...
--> request http://msn.com/ started...
--> request http://yahoo.co.jp/ started...
--> request http://linkedin.com/ started...
--> request http://sina.com.cn/ started...
--> request http://instagram.com/ started...
--> request http://weibo.com/ started...
--> request http://vk.com/ started...
--> request http://yandex.ru/ started...
--> request http://google.de/ started...
--> request http://google.ru/ started...
--> request http://hao123.com/ started...
--> request http://ebay.com/ started...
--> request http://reddit.com/ started...
--> request http://google.co.uk/ started...
--> request http://google.com.br/ started...
--> request http://mail.ru/ started...
--> request http://t.co/ started...
--> request http://pinterest.com/ started...
--> request http://amazon.co.jp/ started...
--> request http://google.fr/ started...
--> request http://netflix.com/ started...
--> request http://gmw.cn/ started...
--> request http://tmall.com/ started...
--> request http://360.cn/ started...
--> request http://google.it/ started...
--> request http://microsoft.com/ started...
--> request http://onclickads.net/ started...
--> request http://google.es/ started...
--> request http://paypal.com/ started...
--> request http://sohu.com/ started...
--> request http://wordpress.com/ started...
--> request http://tumblr.com/ started...
--> request http://blogspot.com/ started...
--> request http://imgur.com/ started...
--> request http://xvideos.com/ started...
--> request http://google.com.mx/ started...
--> request http://naver.com/ started...
--> request http://stackoverflow.com/ started...
--> request http://apple.com/ started...
--> request http://chinadaily.com.cn/ started...
--> request http://fc2.com/ started...
--> request http://aliexpress.com/ started...
--> request http://imdb.com/ started...
--> request http://google.ca/ started...
--> request http://google.co.kr/ started...
--> request http://github.com/ started...
--> request http://ok.ru/ started...
--> request http://pornhub.com/ started...
--> request http://google.com.hk/ started...
--> request http://whatsapp.com/ started...
--> request http://diply.com/ started...
--> request http://jd.com/ started...
--> request http://amazon.de/ started...
--> request http://google.com.tr/ started...
--> request http://rakuten.co.jp/ started...
--> request http://craigslist.org/ started...
--> request http://office.com/ started...
--> request http://google.co.id/ started...
--> request http://kat.cr/ started...
--> request http://amazon.in/ started...
--> request http://tianya.cn/ started...
--> request http://blogger.com/ started...
--> request http://google.pl/ started...
--> request http://nicovideo.jp/ started...
--> request http://alibaba.com/ started...
--> request http://soso.com/ started...
--> request http://pixnet.net/ started...
--> request http://google.com.au/ started...
--> request http://go.com/ started...
--> request http://amazon.co.uk/ started...
--> request http://xhamster.com/ started...
--> request http://dropbox.com/ started...
--> request http://google.com.tw/ started...
--> request http://outbrain.com/ started...
--> request http://xinhuanet.com/ started...
--> request http://cntv.cn/ started...
--> request http://googleusercontent.com/ started...
--> request http://cnn.com/ started...
--> request http://ask.com/ started...
--> request http://coccoc.com/ started...
--> request http://booking.com/ started...
--> request http://bbc.co.uk/ started...
--> request http://popads.net/ started...
--> request http://youth.cn/ started...
--> request http://twitch.tv/ started...
--> request http://wikia.com/ started...
--> request http://microsoftonline.com/ started...
--> request http://quora.com/ started...
--> request http://chase.com/ started...
--> request http://adobe.com/ started...
--> request http://163.com/ started...
--> request http://360.com/ started...
--> request http://haosou.com/ started...
--> request http://google.com.pk/ started...
--> request http://google.co.th/ started...
--> request http://google.com.eg/ started...
--> request http://google.com.ar/ started...
--> request http://youku.com/ started...
--> request http://google.com.sa/ started...
--> request http://bbc.com/ started...
--> request http://flipkart.com/ started...
--> request http://alipay.com/ started...
--> request http://bongacams.com/ started...
--> request http://adf.ly/ started...
--> request http://nytimes.com/ started...
--> request http://google.nl/ started...
--> request http://sogou.com/ started...
--> request http://livedoor.jp/ started...
--> request http://daum.net/ started...
--> request http://txxx.com/ started...
--> request http://amazon.cn/ started...
--> request http://espn.go.com/ started...
--> request http://ebay.co.uk/ started...
--> request http://ettoday.net/ started...
--> request http://bankofamerica.com/ started...
--> request http://china.com/ started...
--> request http://indiatimes.com/ started...
--> request http://myway.com/ started...
--> request http://bilibili.com/ started...
--> request http://walmart.com/ started...
--> request http://ebay.de/ started...
--> request http://china.com.cn/ started...
--> request http://godaddy.com/ started...
--> request http://dailymail.co.uk/ started...
--> request http://buzzfeed.com/ started...
--> request http://zillow.com/ started...
--> request http://xnxx.com/ started...
--> request http://salesforce.com/ started...
--> request http://dailymotion.com/ started...
--> request http://wellsfargo.com/ started...
--> request http://detail.tmall.com/ started...
--> request http://steampowered.com/ started...
--> request http://steamcommunity.com/ started...
--> request http://nametests.com/ started...
--> request http://google.co.ve/ started...
--> request http://theguardian.com/ started...
--> request http://google.com.ua/ started...
--> request http://indeed.com/ started...
--> request http://ameblo.jp/ started...
--> request http://aol.com/ started...
--> request http://etsy.com/ started...
--> request http://globo.com/ started...
--> request http://google.co.za/ started...
--> request http://yelp.com/ started...
--> request http://amazonaws.com/ started...
--> request http://huffingtonpost.com/ started...
--> request http://tudou.com/ started...
--> request http://so.com/ started...
--> request http://zhihu.com/ started...
--> request http://soundcloud.com/ started...
--> request http://tripadvisor.com/ started...
--> request http://google.gr/ started...
--> request http://varzesh3.com/ started...
--> request http://avito.ru/ started...
--> request http://onlinesbi.com/ started...
--> request http://vice.com/ started...
--> request http://cnzz.com/ started...
--> request http://directrev.com/ started...
--> request http://uol.com.br/ started...
--> request http://bet365.com/ started...
--> request http://weather.com/ started...
--> request http://mediafire.com/ started...
--> request http://uptodown.com/ started...
--> request http://cnet.com/ started...
--> request http://washingtonpost.com/ started...
--> request http://gfycat.com/ started...
--> request http://goo.ne.jp/ started...
--> request http://stackexchange.com/ started...
--> request http://force.com/ started...
--> request http://taboola.com/ started...
--> request http://google.com.co/ started...
--> request http://dmm.co.jp/ started...
--> request http://tuberel.com/ started...
--> request http://vimeo.com/ started...
--> request http://google.com.ng/ started...
--> request http://naver.jp/ started...
--> request http://feedly.com/ started...
--> request http://theladbible.com/ started...
--> request http://pixiv.net/ started...
--> request http://redtube.com/ started...
--> request http://detik.com/ started...
--> request http://homedepot.com/ started...
--> request http://torrentz.eu/ started...
--> request http://slideshare.net/ started...
--> request http://google.ro/ started...
--> request http://taringa.net/ started...
--> request http://foxnews.com/ started...
--> request http://target.com/ started...
--> request http://amazon.it/ started...
--> request http://google.com.pe/ started...
--> request http://flickr.com/ started...
--> request http://hclips.com/ started...
--> request http://google.be/ started...
--> request http://amazon.fr/ started...
--> request http://9gag.com/ started...
--> request http://kakaku.com/ started...
--> request http://blogspot.in/ started...
--> request http://ikea.com/ started...
--> request http://mega.nz/ started...
--> request http://ifeng.com/ started...
--> request http://udn.com/ started...
--> request http://web.de/ started...
--> request http://americanexpress.com/ started...
--> request http://iqiyi.com/ started...
--> request http://bp.blogspot.com/ started...
--> request http://fbcdn.net/ started...
--> request http://google.com.ph/ started...
--> request http://orange.fr/ started...
--> request http://comcast.net/ started...
--> request http://google.com.sg/ started...
--> request http://terraclicks.com/ started...
--> request http://youm7.com/ started...
--> request http://putlocker.is/ started...
--> request http://tribunnews.com/ started...
--> request http://gmx.net/ started...
--> request http://youporn.com/ started...
--> request http://deviantart.com/ started...
--> request http://nih.gov/ started...
--> request http://zol.com.cn/ started...
--> request http://ontests.me/ started...
--> request http://roblox.com/ started...
--> request http://doubleclick.net/ started...
--> request http://hdfcbank.com/ started...
--> request http://ozock.com/ started...
--> request http://tistory.com/ started...
--> request http://capitalone.com/ started...
--> request http://leboncoin.fr/ started...
--> request http://douyu.com/ started...
--> request http://google.cn/ started...
--> request http://51.la/ started...
--> request http://google.se/ started...
--> request http://spotify.com/ started...
--> request http://wikihow.com/ started...
--> request http://onet.pl/ started...
--> request http://babytree.com/ started...
--> request http://w3schools.com/ started...
--> request http://upornia.com/ started...
--> request http://snapdeal.com/ started...
--> request http://forbes.com/ started...
--> request http://google.at/ started...
--> request http://wix.com/ started...
--> request http://bestbuy.com/ started...
--> request http://livejournal.com/ started...
--> request http://mozilla.org/ started...
--> request http://rdsa2013.com/ started...
--> request http://xfinity.com/ started...
--> request http://handycafe.com/ started...
--> request http://groupon.com/ started...
--> request http://adnetworkperformance.com/ started...
--> request http://onedio.com/ started...
--> request http://thepiratebay.org/ started...
--> request http://skype.com/ started...
--> request http://github.io/ started...
--> request http://allegro.pl/ started...
--> request http://google.dz/ started...
--> request http://google.com.vn/ started...
--> request http://paytm.com/ started...
--> request http://twimg.com/ started...
--> request http://wikimedia.org/ started...
--> request http://icicibank.com/ started...
--> request http://t-online.de/ started...
--> request http://tokopedia.com/ started...
--> request http://popcash.net/ started...
--> request http://telegraph.co.uk/ started...
--> request http://usps.com/ started...
--> request http://slither.io/ started...
--> request http://wp.pl/ started...
--> request http://blog.jp/ started...
--> request http://google.ch/ started...
--> request http://webtretho.com/ started...
--> request http://irctc.co.in/ started...
--> request http://trello.com/ started...
--> request http://google.pt/ started...
--> request http://yesky.com/ started...
--> request http://xywy.com/ started...
--> request http://huanqiu.com/ started...
--> request http://eksisozluk.com/ started...
--> request http://blastingnews.com/ started...
--> request http://citi.com/ started...
--> request http://shutterstock.com/ started...
--> request http://rediff.com/ started...
--> request http://files.wordpress.com/ started...
--> request http://ups.com/ started...
--> request http://1688.com/ started...
--> request http://google.cl/ started...
--> request http://bitauto.com/ started...
--> request http://speedtest.net/ started...
--> request http://pandora.com/ started...
--> request http://adexc.net/ started...
--> request http://imzog.com/ started...
--> request http://google.ae/ started...
--> request http://2ch.net/ started...
--> request http://google.cz/ started...
--> request http://loading-delivery2.com/ started...
--> request http://seznam.cz/ started...
--> request http://ltn.com.tw/ started...
--> request http://about.com/ started...
--> request http://chaturbate.com/ started...
--> request http://ebay-kleinanzeigen.de/ started...
--> request http://slack.com/ started...
--> request http://mercadolivre.com.br/ started...
--> request http://google.co.il/ started...
--> request http://doorblog.jp/ started...
--> request http://goodreads.com/ started...
--> request http://livejasmin.com/ started...
--> request http://battle.net/ started...
--> request http://softonic.com/ started...
--> request http://accuweather.com/ started...
--> request http://amazon.es/ started...
--> request http://wordpress.org/ started...
--> request http://mbc.net/ started...
--> request http://slickdeals.net/ started...
--> request http://icloud.com/ started...
--> request http://caijing.com.cn/ started...
--> request http://google.hu/ started...
--> request http://kaskus.co.id/ started...
--> request http://wittyfeed.com/ started...
--> request http://fedex.com/ started...
--> request http://ndtv.com/ started...
--> request http://att.com/ started...
--> request http://mlb.com/ started...
--> request http://kompas.com/ started...
--> request http://google.ie/ started...
--> request http://giphy.com/ started...
--> request http://usatoday.com/ started...
--> request http://xcar.com.cn/ started...
--> request http://hulu.com/ started...
--> request http://archive.org/ started...
--> request http://sberbank.ru/ started...
--> request http://media.tumblr.com/ started...
--> request http://pinimg.com/ started...
--> request http://messenger.com/ started...
--> request http://sourceforge.net/ started...
--> request http://oracle.com/ started...
--> request http://hp.com/ started...
--> request http://lowes.com/ started...
--> request http://zendesk.com/ started...
--> request http://viralthread.com/ started...
--> request http://csdn.net/ started...
--> request http://1905.com/ started...
--> request http://mama.cn/ started...
--> request http://youtube-mp3.org/ started...
--> request http://39.net/ started...
--> request http://digikala.com/ started...
--> request http://badoo.com/ started...
--> request http://businessinsider.com/ started...
--> request http://kinogo.co/ started...
--> request http://weebly.com/ started...
--> request http://samsung.com/ started...
--> request http://abs-cbn.com/ started...
--> request http://reimageplus.com/ started...
--> request http://airbnb.com/ started...
--> request http://sabah.com.tr/ started...
--> request http://wordreference.com/ started...
--> request http://hurriyet.com.tr/ started...
--> request http://uefa.com/ started...
--> request http://rambler.ru/ started...
--> request http://51yes.com/ started...
--> request http://cnnic.cn/ started...
--> request http://webmd.com/ started...
--> request http://ign.com/ started...
--> request http://liputan6.com/ started...
--> request http://dell.com/ started...
--> request http://gizmodo.com/ started...
--> request http://blogspot.com.br/ started...
--> request http://bloomberg.com/ started...
--> request http://blkget.com/ started...
--> request http://gsmarena.com/ started...
--> request http://evernote.com/ started...
--> request http://verizonwireless.com/ started...
--> request http://secureserver.net/ started...
--> request http://repubblica.it/ started...
--> request http://milliyet.com.tr/ started...
--> request http://isanalyze.com/ started...
--> request http://sharepoint.com/ started...
--> request http://eastday.com/ started...
--> request http://mailchimp.com/ started...
--> request http://nyaa.se/ started...
--> request http://enet.com.cn/ started...
--> request http://medium.com/ started...
--> request http://google.az/ started...
--> request http://akamaihd.net/ started...
--> request http://dmm.com/ started...
--> request http://billdesk.com/ started...
--> request http://wsj.com/ started...
--> request http://naukri.com/ started...
--> request http://kinopoisk.ru/ started...
--> request http://friv.com/ started...
--> request http://expedia.com/ started...
--> request http://livedoor.biz/ started...
--> request http://macys.com/ started...
--> request http://avg.com/ started...
--> request http://tube8.com/ started...
--> request http://libero.it/ started...
--> request http://intuit.com/ started...
--> request http://google.no/ started...
--> request http://google.fi/ started...
--> request http://urdupoint.com/ started...
--> request http://taleo.net/ started...
--> request http://addthis.com/ started...
--> request http://sahibinden.com/ started...
--> request http://ancestry.com/ started...
--> request http://likes.com/ started...
--> request http://savefrom.net/ started...
--> request http://haber7.com/ started...
--> request http://answers.com/ started...
--> request http://google.sk/ started...
--> request http://kissanime.to/ started...
--> request http://marca.com/ started...
--> request http://k618.cn/ started...
--> request http://ebay.in/ started...
--> request http://ask.fm/ started...
--> request http://wetransfer.com/ started...
--> request http://adplxmd.com/ started...
--> request http://spiegel.de/ started...
--> request http://bild.de/ started...
--> request http://livedoor.com/ started...
--> request http://ouo.io/ started...
--> request http://nownews.com/ started...
--> request http://elpais.com/ started...
--> request http://thesaurus.com/ started...
--> request http://rt.com/ started...
--> request http://amazon.ca/ started...
--> request http://gearbest.com/ started...
--> request http://ck101.com/ started...
--> request http://independent.co.uk/ started...
--> request http://reuters.com/ started...
--> request http://google.dk/ started...
--> request http://suning.com/ started...
--> request http://daikynguyenvn.com/ started...
--> request http://scribd.com/ started...
--> request http://themeforest.net/ started...
--> request http://lifebuzz.com/ started...
--> request http://acfun.tv/ started...
--> request http://box.com/ started...
--> request http://newegg.com/ started...
--> request http://nbcnews.com/ started...
--> request http://rutracker.org/ started...
--> request http://freepik.com/ started...
--> request http://telegram.org/ started...
--> request http://kapanlagi.com/ started...
--> request http://goal.com/ started...
--> request http://blogfa.com/ started...
--> request http://southwest.com/ started...
--> request http://openload.co/ started...
--> request http://hm.com/ started...
--> request http://kickstarter.com/ started...
--> request http://cloudfront.net/ started...
--> request http://thesportbible.com/ started...
--> request http://engadget.com/ started...
--> request http://impress.co.jp/ started...
--> request http://kohls.com/ started...
--> request http://playstation.com/ started...
--> request http://clickadu.com/ started...
--> request http://shopify.com/ started...
--> request http://tabelog.com/ started...
--> request http://mashable.com/ started...
--> request http://upwork.com/ started...
--> request http://espncricinfo.com/ started...
--> request http://conservativetribune.com/ started...
--> request http://siteadvisor.com/ started...
--> request http://realtor.com/ started...
--> request http://asos.com/ started...
--> request http://ci123.com/ started...
--> request http://hatena.ne.jp/ started...
--> request http://usaa.com/ started...
--> request http://xe.com/ started...
--> request http://olx.pl/ started...
--> request http://videomega.tv/ started...
--> request http://ameba.jp/ started...
--> request http://atlassian.net/ started...
--> request http://sh.st/ started...
--> request http://ebay.it/ started...
--> request http://doublepimp.com/ started...
--> request http://costco.com/ started...
--> request http://albawabhnews.com/ started...
--> request http://hatenablog.com/ started...
--> request http://gismeteo.ru/ started...
--> request http://souq.com/ started...
--> request http://google.by/ started...
--> request http://extratorrent.cc/ started...
--> request http://yallakora.com/ started...
--> request http://abcnews.go.com/ started...
--> request http://baike.com/ started...
--> request http://moneycontrol.com/ started...
--> request http://lifehacker.com/ started...
--> request http://wunderground.com/ started...
--> request http://hotels.com/ started...
--> request http://zippyshare.com/ started...
--> request http://zoho.com/ started...
--> request http://discovercard.com/ started...
--> request http://fidelity.com/ started...
--> request http://cnblogs.com/ started...
--> request http://zomato.com/ started...
--> request http://jabong.com/ started...
--> request http://blogimg.jp/ started...
--> request http://nikkei.com/ started...
--> request http://4shared.com/ started...
--> request http://offerhaus.link/ started...
--> request http://hespress.com/ started...
--> request http://theverge.com/ started...
--> request http://exoclick.com/ started...
--> request http://bhaskar.com/ started...
--> request http://gamer.com.tw/ started...
--> request http://webex.com/ started...
--> request http://17ok.com/ started...
--> request http://elmogaz.com/ started...
--> request http://gap.com/ started...
--> request http://gamepedia.com/ started...
--> request http://gamersky.com/ started...
--> request http://okezone.com/ started...
--> request http://gamefaqs.com/ started...
--> request http://infusionsoft.com/ started...
--> request http://ebay.com.au/ started...
--> request http://clipconverter.cc/ started...
--> request http://umblr.com/ started...
--> request http://ibm.com/ started...
--> request http://ticketmaster.com/ started...
--> request http://mercadolibre.com.ar/ started...
--> request http://beeg.com/ started...
--> request http://behance.net/ started...
--> request http://surveymonkey.com/ started...
--> request http://rbc.ru/ started...
--> request http://rednet.cn/ started...
--> request http://ca.gov/ started...
--> request http://trulia.com/ started...
--> request http://zing.vn/ started...
--> request http://elmundo.es/ started...
--> request http://mi.com/ started...
--> request http://aparat.com/ started...
--> request http://free.fr/ started...
--> request http://airtel.in/ started...
--> request http://blackboard.com/ started...
--> request http://meetup.com/ started...
--> request http://trackingclick.net/ started...
--> request http://google.bg/ started...
--> request http://google.lk/ started...
--> request http://adidas.tmall.com/ started...
--> request http://nordstrom.com/ started...
--> request http://merdeka.com/ started...
--> request http://list-manage.com/ started...
--> request http://nike.com/ started...
--> request http://list.tmall.com/ started...
--> request http://seesaa.net/ started...
--> request http://blogspot.jp/ started...
--> request http://allrecipes.com/ started...
--> request http://google.kz/ started...
--> request http://huaban.com/ started...
--> request http://nifty.com/ started...
--> request http://fiverr.com/ started...
--> request http://donga.com/ started...
--> request http://mobile.de/ started...
--> request http://npr.org/ started...
--> request http://kooora.com/ started...
--> request http://wayfair.com/ started...
--> request http://coursera.org/ started...
--> request http://redirectvoluum.com/ started...
--> request http://tutorialspoint.com/ started...
--> request http://panda.tv/ started...
--> request http://lenta.ru/ started...
--> request http://weblio.jp/ started...
--> request http://xda-developers.com/ started...
--> request http://asahi.com/ started...
--> request http://google.com.kw/ started...
--> request http://thefreedictionary.com/ started...
--> request http://adp.com/ started...
--> request http://kayak.com/ started...
--> request http://yandex.ua/ started...
--> request http://kijiji.ca/ started...
--> request http://youdao.com/ started...
--> request http://korabia.com/ started...
--> request http://chaoshi.tmall.com/ started...
--> request http://netteller.com/ started...
--> request http://drudgereport.com/ started...
--> request http://japanpost.jp/ started...
--> request http://hotstar.com/ started...
--> request http://tradeadexchange.com/ started...
--> request http://hdzog.com/ started...
--> request http://change.org/ started...
--> request http://hootsuite.com/ started...
--> request http://dictionary.com/ started...
--> request http://makemytrip.com/ started...
--> request http://sq.cn/ started...
--> request http://streamcloud.eu/ started...
--> request http://norton.com/ started...
--> request http://blog.me/ started...
--> request http://watsons.tmall.com/ started...
--> request http://prothom-alo.com/ started...
--> request http://researchgate.net/ started...
--> request http://ebates.com/ started...
--> request http://hotmovs.com/ started...
--> request http://olx.in/ started...
--> request http://sakura.ne.jp/ started...
--> request http://bookmyshow.com/ started...
--> request http://subscene.com/ started...
--> request http://le.com/ started...
--> request http://emol.com/ started...
--> request http://justdial.com/ started...
--> request http://11st.co.kr/ started...
--> request http://cookpad.com/ started...
--> request http://retailmenot.com/ started...
--> request http://thewatchseries.to/ started...
--> request http://alicdn.com/ started...
--> request http://shaparak.ir/ started...
--> request http://corriere.it/ started...
--> request http://gmarket.co.kr/ started...
--> request http://overstock.com/ started...
--> request http://asus.com/ started...
--> request http://y8.com/ started...
--> request http://yaolan.com/ started...
--> request http://momoshop.com.tw/ started...
--> request http://woot.com/ started...
--> request http://shopclues.com/ started...
--> request http://csgolounge.com/ started...
--> request http://disqus.com/ started...
--> request http://so-net.ne.jp/ started...
--> request http://wattpad.com/ started...
--> request http://ytimg.com/ started...
--> request http://cbsnews.com/ started...
--> request http://leagueoflegends.com/ started...
--> request http://prjcq.com/ started...
--> request http://reddituploads.com/ started...
--> request http://patch.com/ started...
--> request http://4399.com/ started...
--> request http://adbooth.com/ started...
--> request http://sabq.org/ started...
--> request http://dropbooks.tv/ started...
--> request http://www.gov.uk/ started...
--> request http://udemy.com/ started...
--> request http://cnmo.com/ started...
--> request http://bleacherreport.com/ started...
--> request http://aa.com/ started...
--> request http://lapatilla.com/ started...
--> request http://instructables.com/ started...
--> request http://clien.net/ started...
--> request http://bidverdrd.com/ started...
--> request http://nba.com/ started...
--> request http://mirror.co.uk/ started...
--> request http://interia.pl/ started...
--> request http://nhk.or.jp/ started...
--> request http://ensonhaber.com/ started...
--> request http://yadi.sk/ started...
--> request http://line.me/ started...
--> request http://mercadolibre.com.ve/ started...
--> request http://e-hentai.org/ started...
--> request http://uploaded.net/ started...
--> request http://verizon.com/ started...
--> request http://alexa.cn/ started...
--> request http://namu.wiki/ started...
--> request http://yodobashi.com/ started...
--> request http://heroquizz.com/ started...
--> request http://latimes.com/ started...
--> request http://123cha.com/ started...
--> request http://pof.com/ started...
--> request http://eyny.com/ started...
--> request http://azlyrics.com/ started...
--> request http://aliyun.com/ started...
--> request http://people.com/ started...
--> request http://yandex.com.tr/ started...
--> request http://rottentomatoes.com/ started...
--> request http://104.com.tw/ started...
--> request http://houzz.com/ started...
--> request http://time.com/ started...
--> request http://cisco.com/ started...
--> request http://ppomppu.co.kr/ started...
--> request http://delta.com/ started...
--> request http://biglobe.ne.jp/ started...
--> request http://jrj.com.cn/ started...
--> request http://xunlei.com/ started...
--> request http://lenovo.com/ started...
--> request http://usbank.com/ started...
--> request http://vk.me/ started...
--> request http://zulily.com/ started...
--> request http://asana.com/ started...
--> request http://youboy.com/ started...
--> request http://zone-telechargement.com/ started...
--> request http://glassdoor.com/ started...
--> request http://seasonvar.ru/ started...
--> request http://nikkeibp.co.jp/ started...
--> request http://investing.com/ started...
--> request http://google.com.do/ started...
--> request http://united.com/ started...
--> request http://teepr.com/ started...
--> request http://indianexpress.com/ started...
--> request http://wikiwiki.jp/ started...
--> request http://pch.com/ started...
--> request http://jimdo.com/ started...
--> request http://oeeee.com/ started...
--> request http://gyazo.com/ started...
--> request http://myfitnesspal.com/ started...
--> request http://yts.ag/ started...
--> request http://custhelp.com/ started...
--> request http://paytm.in/ started...
--> request http://nextdoor.com/ started...
--> request http://voc.com.cn/ started...
--> request http://cnbc.com/ started...
--> request http://sears.com/ started...
--> request http://bs.to/ started...
--> request http://itmedia.co.jp/ started...
--> request http://thekitchn.com/ started...
--> request http://bomb01.com/ started...
--> request http://slate.com/ started...
--> request http://torcache.net/ started...
--> request http://google.com.my/ started...
--> request http://4chan.org/ started...
--> request http://biobiochile.cl/ started...
--> request http://google.co.nz/ started...
--> request http://okcupid.com/ started...
--> request http://google.rs/ started...
--> request http://instructure.com/ started...
--> request http://intoday.in/ started...
--> request http://zhanqi.tv/ started...
--> request http://chinaso.com/ started...
--> request http://squarespace.com/ started...
--> request http://fitbit.com/ started...
--> request http://photobucket.com/ started...
--> request http://eskimi.com/ started...
--> request http://mixi.jp/ started...
--> request http://4dsply.com/ started...
--> request http://thatviralfeed.com/ started...
--> request http://pantip.com/ started...
--> request http://as.com/ started...
--> request http://elfagr.org/ started...
--> request http://3dmgame.com/ started...
--> request http://howtogeek.com/ started...
--> request http://aastocks.com/ started...
--> request http://manoramaonline.com/ started...
--> request http://alwafd.org/ started...
--> request http://inquirer.net/ started...
--> request http://himado.in/ started...
--> request http://xbox.com/ started...
--> request http://meaww.com/ started...
--> request http://pogo.com/ started...
--> request http://redfin.com/ started...
--> request http://buy.tmall.com/ started...
--> request http://drom.ru/ started...
--> request http://infoseek.co.jp/ started...
--> request http://buzzfil.net/ started...
--> request http://urbandictionary.com/ started...
--> request http://mit.edu/ started...
--> request http://olx.com.br/ started...
--> request http://chinaz.com/ started...
--> request http://chip.de/ started...
--> request http://panet.co.il/ started...
--> request http://gamespot.com/ started...
--> request http://google.com.ec/ started...
--> request http://subito.it/ started...
--> request http://gazetaexpress.com/ started...
--> request http://zara.com/ started...
--> request http://swagbucks.com/ started...
--> request http://tmz.com/ started...
--> request http://nexusmods.com/ started...
--> request http://tsite.jp/ started...
--> request http://timeanddate.com/ started...
--> request http://discuss.com.hk/ started...
--> request http://quanjing.com/ started...
--> request http://bhphotovideo.com/ started...
--> request http://lequipe.fr/ started...
--> request http://superuser.com/ started...
--> request http://ero-advertising.com/ started...
--> request http://myntra.com/ started...
--> request http://cdiscount.com/ started...
--> request http://issuu.com/ started...
--> request http://filehippo.com/ started...
--> request http://vporn.com/ started...
--> request http://quikr.com/ started...
--> request http://axisbank.co.in/ started...
--> request http://gameforge.com/ started...
--> request http://twoo.com/ started...
--> request http://4pda.ru/ started...
--> request http://java.com/ started...
--> request http://blogspot.mx/ started...
--> request http://spankbang.com/ started...
--> request http://discover.com/ started...
--> request http://kdnet.net/ started...
--> request http://agar.io/ started...
--> request http://priceline.com/ started...
--> request http://mercadolibre.com.mx/ started...
--> request http://atwiki.jp/ started...
--> request http://audible.com/ started...
--> request http://mynavi.jp/ started...
--> request http://vodlocker.com/ started...
--> request http://sky.com/ started...
--> request http://sciencedirect.com/ started...
--> request http://gigazine.net/ started...
--> request http://olx.ua/ started...
--> request http://livescore.com/ started...
--> request http://58.com/ started...
--> request http://syosetu.com/ started...
--> request http://prezi.com/ started...
--> request http://hotnewhiphop.com/ started...
--> request http://jcpenney.com/ started...
--> request http://ero-video.net/ started...
--> request http://nypost.com/ started...
--> request http://nydailynews.com/ started...
--> request http://acunn.com/ started...
--> request http://foodnetwork.com/ started...
--> request http://mint.com/ started...
--> request http://bitbucket.org/ started...
--> request http://creditkarma.com/ started...
--> request http://mataharimall.com/ started...
--> request http://rarbg.to/ started...
--> request http://tim.it/ started...
--> request http://anitube.se/ started...
--> request http://mapquest.com/ started...
--> request http://westernjournalism.com/ started...
--> request http://eventbrite.com/ started...
--> request http://liveinternet.ru/ started...
--> request http://politico.com/ started...
--> request http://android.com/ started...
--> request http://weather.gov/ started...
--> request http://lun.com/ started...
--> request http://bankmellat.ir/ started...
--> request http://sfgate.com/ started...
--> request http://misrjournal.com/ started...
--> request http://lemonde.fr/ started...
--> request http://uber.com/ started...
--> request http://givemesport.com/ started...
--> request http://stockstar.com/ started...
--> request http://wiktionary.org/ started...
--> request http://51sole.com/ started...
--> request http://google.hr/ started...
--> request http://reverso.net/ started...
--> request http://thehindu.com/ started...
--> request http://marriott.com/ started...
--> request http://yomiuri.co.jp/ started...
--> request http://topix.com/ started...
--> request http://prpops.com/ started...
--> request http://sankei.com/ started...
--> request http://europa.eu/ started...
--> request http://pcmag.com/ started...
--> request http://constantcontact.com/ started...
--> request http://battlefield.com/ started...
--> request http://php.net/ started...
--> request http://ria.ru/ started...
--> request http://fanpage.gr/ started...
--> request http://getpocket.com/ started...
--> request http://cpasbien.cm/ started...
--> request http://diep.io/ started...
--> request http://rightmove.co.uk/ started...
--> request http://sfr.fr/ started...
--> request http://hilton.com/ started...
--> request http://sozcu.com.tr/ started...
--> request http://blog-newstime.com/ started...
--> request http://agoda.com/ started...
--> request http://india.com/ started...
--> request http://bodybuilding.com/ started...
--> request http://techcrunch.com/ started...
--> request http://thisav.com/ started...
--> request http://hbogo.com/ started...
--> request http://zappos.com/ started...
--> request http://google.lt/ started...
--> request http://appledaily.com.tw/ started...
--> request http://geocities.jp/ started...
--> request http://duckduckgo.com/ started...
--> request http://irs.gov/ started...
--> request http://kotaku.com/ started...
--> request http://marktplaats.nl/ started...
--> request http://eroterest.net/ started...
--> request http://duolingo.com/ started...
--> request http://ebay.fr/ started...
--> request http://wp.com/ started...
--> request http://jin115.com/ started...
--> request http://staples.com/ started...
--> request http://youjizz.com/ started...
--> request http://fanfiction.net/ started...
--> request http://walgreens.com/ started...
--> request http://bt.com/ started...
--> request http://microsoftstore.com/ started...
--> request http://123movies.to/ started...
--> request http://126.com/ started...
--> request http://exblog.jp/ started...
--> request http://yjc.ir/ started...
--> request http://t-mobile.com/ started...
--> request http://farsnews.com/ started...
--> request http://chron.com/ started...
--> request http://stumbleupon.com/ started...
--> request http://parentanswercentre.com/ started...
--> request http://123rf.com/ started...
--> request http://breitbart.com/ started...
--> request http://hh.ru/ started...
--> request http://cbssports.com/ started...
--> request http://sex.com/ started...
--> request http://pnc.com/ started...
--> request http://mega.co.nz/ started...
--> request http://lazada.co.id/ started...
--> request http://marketwatch.com/ started...
--> request http://ew.com/ started...
--> request http://ryanair.com/ started...
--> request http://gazeta.pl/ started...
--> request http://gmanetwork.com/ started...
--> request http://dcinside.com/ started...
--> request http://ampclicks.com/ started...
--> request http://slimspots.com/ started...
--> request http://basecamp.com/ started...
--> request http://cctv.com/ started...
--> request http://incometaxindiaefiling.gov.in/ started...
--> request http://citibank.co.in/ started...
--> request http://brightonclick.com/ started...
--> request http://gazzetta.it/ started...
--> request http://indianrail.gov.in/ started...
--> request http://idnes.cz/ started...
--> request http://thedailybeast.com/ started...
--> request http://intel.com/ started...
--> request http://auction.co.kr/ started...
--> request http://fatosdesconhecidos.com.br/ started...
--> request http://to8to.com/ started...
--> request http://ultimate-guitar.com/ started...
--> request http://mcafee.com/ started...
--> request http://neobux.com/ started...
--> request http://tripadvisor.co.uk/ started...
--> request http://tomshardware.com/ started...
--> request http://rapidgator.net/ started...
--> request http://bola.net/ started...
--> request http://hubspot.com/ started...
--> request http://otto.de/ started...
--> request http://digitaltrends.com/ started...
--> request http://elevenia.co.id/ started...
--> request http://n121adserv.com/ started...
--> request http://gofundme.com/ started...
--> request http://lacaixa.es/ started...
--> request http://ctrip.com/ started...
--> request http://flashx.tv/ started...
--> request http://quizlet.com/ started...
--> request http://banggood.com/ started...
--> request http://garmin.com/ started...
--> request http://primewire.ag/ started...
--> request http://vox.com/ started...
--> request http://labanquepostale.fr/ started...
--> request http://telekom.com/ started...
--> request http://drive2.ru/ started...
--> request http://eonline.com/ started...
--> request http://chosun.com/ started...
--> request http://credit-agricole.fr/ started...
--> request http://wowhead.com/ started...
--> request http://match.com/ started...
--> request http://hamariweb.com/ started...
--> request http://vnexpress.net/ started...
--> request http://familydoctor.com.cn/ started...
--> request http://thethao247.vn/ started...
--> request http://state.gov/ started...
--> request http://todayhumor.co.kr/ started...
--> request http://abril.com.br/ started...
--> request http://uzone.id/ started...
--> request http://hepsiburada.com/ started...
--> request http://wwwpromoter.com/ started...
--> request http://popsugar.com/ started...
--> request http://panasonic.jp/ started...
--> request http://360doc.com/ started...
--> request http://minecraft.net/ started...
--> request http://internethaber.com/ started...
--> request http://dailypakistan.com.pk/ started...
--> request http://bedbathandbeyond.com/ started...
--> request http://pixabay.com/ started...
--> request http://wav.tv/ started...
--> request http://novinky.cz/ started...
--> request http://uptobox.com/ started...
--> request http://whitepages.com/ started...
--> request http://icolor.com.cn/ started...
--> request http://babycenter.com/ started...
--> request http://qvc.com/ started...
--> request http://indiamart.com/ started...
--> request http://onlinecreditcenter6.com/ started...
--> request http://6pm.com/ started...
--> request http://g2a.com/ started...
--> request http://milanuncios.com/ started...
--> request http://mayoclinic.org/ started...
--> request http://commentcamarche.net/ started...
--> request http://gawker.com/ started...
--> request http://fandango.com/ started...
--> request http://duowan.com/ started...
--> request http://myanimelist.net/ started...
--> request http://telegram.me/ started...
--> request http://genius.com/ started...
--> request http://wiley.com/ started...
--> request http://liveleak.com/ started...
--> request http://divar.ir/ started...
--> request http://bestadbid.com/ started...
--> request http://niuche.com/ started...
--> request http://chouftv.ma/ started...
--> request http://life.tw/ started...
--> request http://dream.co.id/ started...
--> request http://cocolog-nifty.com/ started...
--> request http://ptt.cc/ started...
--> request http://legacy.com/ started...
--> request http://mynet.com/ started...
[ERROR] ECONNRESET for http://fc2.com/.
<-- request http://baidu.com/ completed in 0.97s.
<-- request http://diply.com/ completed in 1.047s.
<-- request http://kat.cr/ completed in 1.163s.
[ERROR] ENOTFOUND for http://googleusercontent.com/.
[ERROR] ECONNRESET for http://livedoor.jp/.
<-- request http://soso.com/ completed in 2.399s.
<-- request http://adf.ly/ completed in 2.421s.
<-- request http://gmw.cn/ completed in 2.84s.
[ERROR] ECONNRESET for http://ettoday.net/.
<-- request http://coccoc.com/ completed in 3.268s.
[ERROR] ENOTFOUND for http://directrev.com/.
[ERROR] ECONNRESET for http://bet365.com/.
<-- request http://go.com/ completed in 4.182s.
<-- request http://torrentz.eu/ completed in 4.238s.
[ERROR] ENOTFOUND for http://bp.blogspot.com/.
<-- request http://xinhuanet.com/ completed in 4.671s.
[ERROR] ENOTFOUND for http://ozock.com/.
<-- request http://terraclicks.com/ completed in 4.933s.
<-- request http://roblox.com/ completed in 5.016s.
<-- request http://ontests.me/ completed in 5.131s.
<-- request http://deviantart.com/ completed in 5.402s.
<-- request http://kakaku.com/ completed in 5.687s.
<-- request http://tudou.com/ completed in 5.84s.
<-- request http://adnetworkperformance.com/ completed in 5.97s.
<-- request http://handycafe.com/ completed in 5.975s.
<-- request http://rdsa2013.com/ completed in 6.004s.
<-- request http://slither.io/ completed in 6.049s.
<-- request http://popcash.net/ completed in 6.268s.
[ERROR] ECONNRESET for http://adexc.net/.
<-- request http://blog.jp/ completed in 6.601s.
[ERROR] ENOTFOUND for http://doorblog.jp/.
<-- request http://xywy.com/ completed in 6.836s.
<-- request http://media.tumblr.com/ completed in 7.52s.
<-- request http://lowes.com/ completed in 7.555s.
<-- request http://babytree.com/ completed in 7.616s.
<-- request http://kinogo.co/ completed in 7.892s.
[ERROR] ENOTFOUND for http://youtube-mp3.org/.
<-- request http://blogspot.com.br/ completed in 8.224s.
[ERROR] ENOTFOUND for http://nyaa.se/.
<-- request http://51yes.com/ completed in 8.537s.
<-- request http://caijing.com.cn/ completed in 8.602s.
[ERROR] ENOTFOUND for http://akamaihd.net/.
[ERROR] ENOTFOUND for http://livedoor.biz/.
<-- request http://youku.com/ completed in 8.852s.
<-- request http://enet.com.cn/ completed in 9.391s.
<-- request http://taleo.net/ completed in 9.53s.
<-- request http://ancestry.com/ completed in 9.539s.
<-- request http://likes.com/ completed in 9.555s.
<-- request http://ouo.io/ completed in 9.611s.
<-- request http://cnnic.cn/ completed in 9.621s.
[ERROR] ECONNRESET for http://livedoor.com/.
<-- request http://adplxmd.com/ completed in 9.918s.
<-- request http://eastday.com/ completed in 10.165s.
[ERROR] ECONNRESET for http://telegram.org/.
<-- request http://daikynguyenvn.com/ completed in 10.271s.
[ERROR] ENOTFOUND for http://cloudfront.net/.
<-- request http://kohls.com/ completed in 10.525s.
<-- request http://blogfa.com/ completed in 10.572s.
<-- request http://albawabhnews.com/ completed in 10.968s.
[ERROR] ECONNRESET for http://souq.com/.
[ERROR] ECONNRESET for http://hatenablog.com/.
<-- request http://siteadvisor.com/ completed in 11.237s.
[ERROR] ENOTFOUND for http://blogimg.jp/.
<-- request http://offerhaus.link/ completed in 11.823s.
<-- request http://gamersky.com/ completed in 12.313s.
[ERROR] ENOTFOUND for http://trackingclick.net/.
<-- request http://nordstrom.com/ completed in 12.446s.
[ERROR] ENOTFOUND for http://redirectvoluum.com/.
<-- request http://rednet.cn/ completed in 12.828s.
<-- request http://seesaa.net/ completed in 13.042s.
<-- request http://donga.com/ completed in 13.113s.
<-- request http://ca.gov/ completed in 13.118s.
<-- request http://drudgereport.com/ completed in 13.161s.
[ERROR] ENOTFOUND for http://netteller.com/.
[ERROR] ENOTFOUND for http://japanpost.jp/.
[ERROR] ECONNRESET for http://youdao.com/.
<-- request http://tradeadexchange.com/ completed in 13.54s.
<-- request http://huaban.com/ completed in 13.548s.
<-- request http://streamcloud.eu/ completed in 13.929s.
<-- request http://17ok.com/ completed in 13.944s.
[ERROR] ENOTFOUND for http://ytimg.com/.
[ERROR] ENOTFOUND for http://reddituploads.com/.
<-- request http://sabq.org/ completed in 14.612s.
[ERROR] ECONNRESET for http://alicdn.com/.
<-- request http://11st.co.kr/ completed in 14.667s.
<-- request http://prjcq.com/ completed in 14.691s.
[ERROR] ECONNRESET for http://adbooth.com/.
[ERROR] ENOTFOUND for http://nhk.or.jp/.
[ERROR] ECONNRESET for http://mirror.co.uk/.
<-- request http://e-hentai.org/ completed in 15.006s.
<-- request http://bidverdrd.com/ completed in 15.073s.
<-- request http://uploaded.net/ completed in 15.137s.
[ERROR] ECONNRESET for http://line.me/.
[ERROR] ENOTFOUND for http://zone-telechargement.com/.
<-- request http://time.com/ completed in 16.187s.
<-- request http://biglobe.ne.jp/ completed in 16.196s.
<-- request http://gyazo.com/ completed in 16.38s.
<-- request http://4chan.org/ completed in 16.756s.
<-- request http://paytm.in/ completed in 16.766s.
<-- request http://seasonvar.ru/ completed in 16.785s.
<-- request http://torcache.net/ completed in 16.901s.
<-- request http://elfagr.org/ completed in 17.331s.
<-- request http://4dsply.com/ completed in 17.494s.
<-- request http://photobucket.com/ completed in 17.778s.
<-- request http://xunlei.com/ completed in 17.889s.
<-- request http://olx.com.br/ completed in 18.042s.
<-- request http://chinaz.com/ completed in 18.201s.
<-- request http://ero-advertising.com/ completed in 18.218s.
<-- request http://himado.in/ completed in 18.248s.
<-- request http://4pda.ru/ completed in 18.345s.
[ERROR] ENOTFOUND for http://axisbank.co.in/.
<-- request http://agar.io/ completed in 18.457s.
<-- request http://panet.co.il/ completed in 18.498s.
<-- request http://aastocks.com/ completed in 18.5s.
<-- request http://atwiki.jp/ completed in 18.598s.
<-- request http://livescore.com/ completed in 18.847s.
<-- request http://quanjing.com/ completed in 19.044s.
[ERROR] ECONNREFUSED for http://anitube.se/.
<-- request http://rarbg.to/ completed in 19.236s.
<-- request http://weather.gov/ completed in 19.338s.
[ERROR] ECONNRESET for http://tim.it/.
[ERROR] ECONNRESET for http://lemonde.fr/.
<-- request http://jcpenney.com/ completed in 19.374s.
<-- request http://gigazine.net/ completed in 19.583s.
<-- request http://syosetu.com/ completed in 19.721s.
<-- request http://misrjournal.com/ completed in 19.916s.
<-- request http://tsite.jp/ completed in 19.963s.
<-- request http://gmarket.co.kr/ completed in 19.981s.
<-- request http://diep.io/ completed in 19.986s.
<-- request http://europa.eu/ completed in 20.009s.
<-- request http://blog-newstime.com/ completed in 20.261s.
[ERROR] ENOTFOUND for http://geocities.jp/.
<-- request http://php.net/ completed in 20.463s.
<-- request http://duckduckgo.com/ completed in 20.661s.
<-- request http://126.com/ completed in 20.881s.
<-- request http://stockstar.com/ completed in 20.94s.
<-- request http://stumbleupon.com/ completed in 21.014s.
<-- request http://eroterest.net/ completed in 21.106s.
<-- request http://parentanswercentre.com/ completed in 21.179s.
<-- request http://brightonclick.com/ completed in 21.356s.
<-- request http://gofundme.com/ completed in 21.791s.
<-- request http://primewire.ag/ completed in 21.906s.
<-- request http://n121adserv.com/ completed in 22.097s.
<-- request http://auction.co.kr/ completed in 22.282s.
[ERROR] ENOTFOUND for http://onlinecreditcenter6.com/.
<-- request http://hamariweb.com/ completed in 22.535s.
[ERROR] ECONNRESET for http://telegram.me/.
<-- request http://gawker.com/ completed in 22.724s.
<-- request http://whitepages.com/ completed in 22.806s.
[ERROR] ECONNREFUSED for http://microsoftonline.com/.
[ERROR] ENOTFOUND for http://cocolog-nifty.com/.
<-- request http://chosun.com/ completed in 23.092s.
<-- request http://google.com/ completed in 23.14s.
<-- request http://google.co.jp/ completed in 23.226s.
<-- request http://chouftv.ma/ completed in 23.236s.
[ERROR] ECONNREFUSED for http://haosou.com/.
<-- request http://google.fr/ completed in 23.284s.
<-- request http://google.de/ completed in 23.29s.
<-- request http://google.com.br/ completed in 23.299s.
<-- request http://google.ru/ completed in 23.301s.
<-- request http://google.co.in/ completed in 23.308s.
<-- request http://google.it/ completed in 23.35s.
<-- request http://google.es/ completed in 23.372s.
[ERROR] ECONNRESET for http://linkedin.com/.
<-- request http://onclickads.net/ completed in 23.481s.
<-- request http://bing.com/ completed in 23.508s.
<-- request http://yandex.ru/ completed in 23.526s.
<-- request http://imgur.com/ completed in 23.551s.
<-- request http://jin115.com/ completed in 23.554s.
<-- request http://google.co.uk/ completed in 23.603s.
<-- request http://google.co.kr/ completed in 23.659s.
<-- request http://google.ca/ completed in 23.659s.
<-- request http://mail.ru/ completed in 23.7s.
<-- request http://google.com.hk/ completed in 23.737s.
<-- request http://google.com.mx/ completed in 23.75s.
<-- request http://t.co/ completed in 23.766s.
<-- request http://google.com.tr/ completed in 23.77s.
<-- request http://ok.ru/ completed in 24.059s.
<-- request http://google.co.id/ completed in 24.063s.
<-- request http://apple.com/ completed in 24.104s.
<-- request http://qq.com/ completed in 24.11s.
<-- request http://twitter.com/ completed in 24.118s.
<-- request http://google.pl/ completed in 24.277s.
<-- request http://yahoo.com/ completed in 24.419s.
<-- request http://weibo.com/ completed in 24.464s.
<-- request http://google.com.au/ completed in 24.699s.
<-- request http://yahoo.co.jp/ completed in 24.767s.
<-- request http://office.com/ completed in 24.797s.
<-- request http://reddit.com/ completed in 24.821s.
<-- request http://google.com.tw/ completed in 24.838s.
<-- request http://ebay.com/ completed in 24.959s.
<-- request http://google.com.pk/ completed in 25.018s.
<-- request http://google.co.th/ completed in 25.071s.
<-- request http://google.com.eg/ completed in 25.098s.
<-- request http://tumblr.com/ completed in 25.117s.
<-- request http://google.com.ar/ completed in 25.118s.
<-- request http://chinadaily.com.cn/ completed in 25.133s.
<-- request http://google.com.sa/ completed in 25.133s.
<-- request http://ask.com/ completed in 25.206s.
<-- request http://tianya.cn/ completed in 25.228s.
<-- request http://github.com/ completed in 25.253s.
<-- request http://adobe.com/ completed in 25.273s.
<-- request http://google.nl/ completed in 25.274s.
<-- request http://twitch.tv/ completed in 25.294s.
<-- request http://jd.com/ completed in 25.349s.
<-- request http://xhamster.com/ completed in 25.35s.
<-- request http://sohu.com/ completed in 25.384s.
<-- request http://youth.cn/ completed in 25.578s.
<-- request http://stackoverflow.com/ completed in 25.738s.
<-- request http://quora.com/ completed in 25.791s.
<-- request http://bbc.com/ completed in 25.809s.
<-- request http://popads.net/ completed in 25.825s.
<-- request http://indiatimes.com/ completed in 25.948s.
<-- request http://cntv.cn/ completed in 25.977s.
<-- request http://360.cn/ completed in 26.092s.
<-- request http://google.com.ua/ completed in 26.142s.
<-- request http://txxx.com/ completed in 26.178s.
<-- request http://google.co.za/ completed in 26.241s.
<-- request http://360.com/ completed in 26.246s.
<-- request http://nametests.com/ completed in 26.255s.
<-- request http://ebay.co.uk/ completed in 26.361s.
<-- request http://dailymail.co.uk/ completed in 26.385s.
<-- request http://myway.com/ completed in 26.428s.
<-- request http://google.co.ve/ completed in 26.429s.
<-- request http://google.gr/ completed in 26.548s.
<-- request http://ebay.de/ completed in 26.601s.
<-- request http://walmart.com/ completed in 26.635s.
<-- request http://soundcloud.com/ completed in 26.758s.
<-- request http://bongacams.com/ completed in 26.812s.
[ERROR] ECONNREFUSED for http://twimg.com/.
<-- request http://ameblo.jp/ completed in 26.901s.
<-- request http://google.com.ng/ completed in 26.94s.
<-- request http://pixnet.net/ completed in 26.946s.
<-- request http://google.com.co/ completed in 26.979s.
<-- request http://alipay.com/ completed in 27.102s.
<-- request http://steamcommunity.com/ completed in 27.154s.
<-- request http://imdb.com/ completed in 27.197s.
<-- request http://huffingtonpost.com/ completed in 27.249s.
<-- request http://etsy.com/ completed in 27.316s.
<-- request http://feedly.com/ completed in 27.321s.
<-- request http://chase.com/ completed in 27.417s.
<-- request http://mediafire.com/ completed in 27.476s.
[ERROR] ECONNREFUSED for http://loading-delivery2.com/.
<-- request http://cnet.com/ completed in 27.673s.
<-- request http://steampowered.com/ completed in 27.764s.
<-- request http://google.com.pe/ completed in 28.035s.
<-- request http://google.ro/ completed in 28.061s.
<-- request http://google.be/ completed in 28.084s.
<-- request http://stackexchange.com/ completed in 28.095s.
<-- request http://vimeo.com/ completed in 28.143s.
<-- request http://homedepot.com/ completed in 28.147s.
<-- request http://gfycat.com/ completed in 28.188s.
<-- request http://blogspot.in/ completed in 28.189s.
<-- request http://taboola.com/ completed in 28.226s.
[ERROR] ECONNRESET for http://youporn.com/.
<-- request http://google.com.ph/ completed in 28.382s.
<-- request http://putlocker.is/ completed in 28.691s.
<-- request http://mega.nz/ completed in 28.719s.
<-- request http://foxnews.com/ completed in 28.741s.
<-- request http://dmm.co.jp/ completed in 28.759s.
<-- request http://hdfcbank.com/ completed in 28.763s.
<-- request http://google.cn/ completed in 28.777s.
<-- request http://google.com.sg/ completed in 28.795s.
<-- request http://capitalone.com/ completed in 28.842s.
<-- request http://china.com.cn/ completed in 28.851s.
[ERROR] ECONNRESET for http://hclips.com/.
<-- request http://nicovideo.jp/ completed in 28.973s.
<-- request http://doubleclick.net/ completed in 28.982s.
<-- request http://google.se/ completed in 29.173s.
<-- request http://tripadvisor.com/ completed in 29.239s.
<-- request http://google.at/ completed in 29.293s.
<-- request http://target.com/ completed in 29.36s.
[ERROR] ECONNRESET for http://thepiratebay.org/.
<-- request http://google.com.vn/ completed in 29.494s.
<-- request http://flipkart.com/ completed in 29.508s.
<-- request http://google.dz/ completed in 29.513s.
<-- request http://snapdeal.com/ completed in 29.57s.
<-- request http://github.io/ completed in 29.577s.
<-- request http://americanexpress.com/ completed in 29.591s.
<-- request http://9gag.com/ completed in 29.596s.
<-- request http://google.ch/ completed in 29.624s.
<-- request http://w3schools.com/ completed in 29.648s.
<-- request http://gmx.net/ completed in 29.668s.
<-- request http://google.pt/ completed in 29.679s.
<-- request http://onedio.com/ completed in 29.684s.
<-- request http://google.cl/ completed in 29.916s.
<-- request http://trello.com/ completed in 30.009s.
<-- request http://onlinesbi.com/ completed in 30.027s.
<-- request http://rediff.com/ completed in 30.029s.
<-- request http://xfinity.com/ completed in 30.102s.
<-- request http://web.de/ completed in 30.113s.
<-- request http://google.cz/ completed in 30.131s.
<-- request http://onet.pl/ completed in 30.202s.
<-- request http://eksisozluk.com/ completed in 30.253s.
[ERROR] ETIMEDOUT for http://acfun.tv/.
[ERROR] ETIMEDOUT for http://playstation.com/.
[ERROR] ETIMEDOUT for http://extratorrent.cc/.
<-- request http://bilibili.com/ completed in 30.272s.
[ERROR] ETIMEDOUT for http://okezone.com/.
[ERROR] ETIMEDOUT for http://ppomppu.co.kr/.
[ERROR] ETIMEDOUT for http://thatviralfeed.com/.
[ERROR] ETIMEDOUT for http://buzzfil.net/.
[ERROR] ETIMEDOUT for http://elevenia.co.id/.
<-- request http://icicibank.com/ completed in 30.412s.
<-- request http://speedtest.net/ completed in 30.484s.
<-- request http://irctc.co.in/ completed in 30.486s.
<-- request http://nytimes.com/ completed in 30.5s.
<-- request http://so.com/ completed in 30.505s.
[ERROR] ECONNRESET for http://t-online.de/.
<-- request http://pixiv.net/ completed in 30.673s.
<-- request http://google.co.il/ completed in 30.696s.
<-- request http://flickr.com/ completed in 30.743s.
[ERROR] ECONNRESET for http://livejasmin.com/.
[ERROR] ECONNRESET for http://imzog.com/.
<-- request http://google.ae/ completed in 30.825s.
<-- request http://tribunnews.com/ completed in 30.867s.
<-- request http://forbes.com/ completed in 30.878s.
<-- request http://groupon.com/ completed in 31.148s.
<-- request http://icloud.com/ completed in 31.279s.
<-- request http://citi.com/ completed in 31.352s.
[ERROR] ECONNRESET for http://chaturbate.com/.
<-- request http://yesky.com/ completed in 31.383s.
<-- request http://google.ie/ completed in 31.539s.
[ERROR] ETIMEDOUT for http://rakuten.co.jp/.
<-- request http://google.hu/ completed in 31.553s.
<-- request http://ebay-kleinanzeigen.de/ completed in 31.641s.
<-- request http://uol.com.br/ completed in 31.653s.
<-- request http://2ch.net/ completed in 31.673s.
<-- request http://giphy.com/ completed in 31.698s.
<-- request http://viralthread.com/ completed in 31.732s.
<-- request http://slack.com/ completed in 31.742s.
<-- request http://upornia.com/ completed in 31.762s.
<-- request http://seznam.cz/ completed in 31.768s.
<-- request http://tistory.com/ completed in 31.917s.
<-- request http://ifeng.com/ completed in 32.165s.
<-- request http://1688.com/ completed in 32.235s.
<-- request http://wordpress.org/ completed in 32.238s.
<-- request http://mercadolivre.com.br/ completed in 32.257s.
<-- request http://ndtv.com/ completed in 32.351s.
<-- request http://about.com/ completed in 32.41s.
<-- request http://zendesk.com/ completed in 32.543s.
<-- request http://wix.com/ completed in 32.559s.
<-- request http://zol.com.cn/ completed in 32.589s.
<-- request http://huanqiu.com/ completed in 32.697s.
[ERROR] ECONNRESET for http://wordreference.com/.
[ERROR] ETIMEDOUT for http://china.com/.
<-- request http://att.com/ completed in 33.2s.
<-- request http://sabah.com.tr/ completed in 33.228s.
<-- request http://xcar.com.cn/ completed in 33.243s.
<-- request http://businessinsider.com/ completed in 33.27s.
<-- request http://mlb.com/ completed in 33.361s.
<-- request http://tuberel.com/ completed in 33.396s.
<-- request http://51.la/ completed in 33.398s.
<-- request http://buzzfeed.com/ completed in 33.536s.
<-- request http://detik.com/ completed in 33.549s.
<-- request http://rambler.ru/ completed in 33.623s.
<-- request http://tokopedia.com/ completed in 33.817s.
<-- request http://gizmodo.com/ completed in 33.884s.
<-- request http://google.az/ completed in 33.962s.
<-- request http://archive.org/ completed in 34.002s.
<-- request http://ign.com/ completed in 34.006s.
<-- request http://dell.com/ completed in 34.008s.
<-- request http://1905.com/ completed in 34.049s.
<-- request http://isanalyze.com/ completed in 34.16s.
<-- request http://milliyet.com.tr/ completed in 34.229s.
<-- request http://blkget.com/ completed in 34.397s.
<-- request http://mailchimp.com/ completed in 34.423s.
<-- request http://google.sk/ completed in 34.474s.
<-- request http://gsmarena.com/ completed in 34.495s.
<-- request http://evernote.com/ completed in 34.507s.
<-- request http://reimageplus.com/ completed in 34.516s.
<-- request http://tube8.com/ completed in 34.522s.
<-- request http://aol.com/ completed in 34.588s.
<-- request http://marca.com/ completed in 34.64s.
<-- request http://macys.com/ completed in 34.645s.
<-- request http://naukri.com/ completed in 34.653s.
<-- request http://google.fi/ completed in 34.66s.
<-- request http://webmd.com/ completed in 34.668s.
<-- request http://medium.com/ completed in 34.67s.
<-- request http://expedia.com/ completed in 34.763s.
<-- request http://google.no/ completed in 34.775s.
<-- request http://friv.com/ completed in 34.788s.
<-- request http://google.dk/ completed in 34.816s.
<-- request http://kissanime.to/ completed in 34.849s.
<-- request http://intuit.com/ completed in 34.869s.
<-- request http://wetransfer.com/ completed in 34.88s.
<-- request http://ask.fm/ completed in 34.998s.
<-- request http://openload.co/ completed in 35.006s.
<-- request http://asos.com/ completed in 35.16s.
<-- request http://slickdeals.net/ completed in 35.195s.
<-- request http://gearbest.com/ completed in 35.199s.
<-- request http://hurriyet.com.tr/ completed in 35.293s.
<-- request http://secureserver.net/ completed in 35.382s.
<-- request http://clickadu.com/ completed in 35.406s.
<-- request http://elpais.com/ completed in 35.444s.
<-- request http://sourceforge.net/ completed in 35.447s.
<-- request http://addthis.com/ completed in 35.482s.
<-- request http://google.by/ completed in 35.519s.
<-- request http://scribd.com/ completed in 35.565s.
<-- request http://mashable.com/ completed in 35.671s.
<-- request http://lifebuzz.com/ completed in 35.702s.
<-- request http://ltn.com.tw/ completed in 35.723s.
<-- request http://nbcnews.com/ completed in 35.774s.
<-- request http://gismeteo.ru/ completed in 35.795s.
<-- request http://k618.cn/ completed in 35.832s.
[ERROR] ETIMEDOUT for http://bestbuy.com/.
<-- request http://badoo.com/ completed in 35.923s.
<-- request http://freepik.com/ completed in 36.03s.
<-- request http://csdn.net/ completed in 36.05s.
<-- request http://costco.com/ completed in 36.115s.
<-- request http://answers.com/ completed in 36.148s.
<-- request http://olx.pl/ completed in 36.161s.
<-- request http://videomega.tv/ completed in 36.26s.
<-- request http://ck101.com/ completed in 36.298s.
[ERROR] ETIMEDOUT for http://skype.com/.
<-- request http://rutracker.org/ completed in 36.366s.
<-- request http://spiegel.de/ completed in 36.378s.
<-- request http://zippyshare.com/ completed in 36.389s.
<-- request http://wellsfargo.com/ completed in 36.569s.
<-- request http://fidelity.com/ completed in 36.613s.
<-- request http://weebly.com/ completed in 36.62s.
<-- request http://billdesk.com/ completed in 36.639s.
<-- request http://libero.it/ completed in 36.65s.
<-- request http://kaskus.co.id/ completed in 36.677s.
<-- request http://themeforest.net/ completed in 36.759s.
<-- request http://mama.cn/ completed in 36.788s.
<-- request http://lifehacker.com/ completed in 36.816s.
<-- request http://beeg.com/ completed in 36.92s.
<-- request http://conservativetribune.com/ completed in 37.076s.
<-- request http://suning.com/ completed in 37.103s.
<-- request http://webex.com/ completed in 37.125s.
<-- request http://realtor.com/ completed in 37.136s.
[ERROR] ETIMEDOUT for http://accuweather.com/.
<-- request http://rbc.ru/ completed in 37.245s.
<-- request http://bhaskar.com/ completed in 37.272s.
<-- request http://google.bg/ completed in 37.283s.
<-- request http://blogspot.jp/ completed in 37.313s.
<-- request http://ebay.it/ completed in 37.324s.
<-- request http://yallakora.com/ completed in 37.347s.
<-- request http://elmogaz.com/ completed in 37.429s.
<-- request http://google.lk/ completed in 37.438s.
<-- request http://google.kz/ completed in 37.439s.
<-- request http://elmundo.es/ completed in 37.589s.
<-- request http://espncricinfo.com/ completed in 37.607s.
<-- request http://list-manage.com/ completed in 37.645s.
<-- request http://clipconverter.cc/ completed in 37.736s.
<-- request http://infusionsoft.com/ completed in 37.86s.
<-- request http://kooora.com/ completed in 37.933s.
<-- request http://4shared.com/ completed in 37.988s.
<-- request http://lenta.ru/ completed in 37.995s.
<-- request http://wayfair.com/ completed in 38.036s.
<-- request http://google.com.kw/ completed in 38.055s.
<-- request http://nike.com/ completed in 38.067s.
<-- request http://mercadolibre.com.ar/ completed in 38.091s.
[ERROR] ECONNRESET for http://hdzog.com/.
<-- request http://ebay.com.au/ completed in 38.193s.
<-- request http://doublepimp.com/ completed in 38.195s.
<-- request http://change.org/ completed in 38.236s.
<-- request http://tutorialspoint.com/ completed in 38.331s.
<-- request http://abcnews.go.com/ completed in 38.412s.
<-- request http://trulia.com/ completed in 38.44s.
<-- request http://gamer.com.tw/ completed in 38.475s.
<-- request http://kijiji.ca/ completed in 38.598s.
<-- request http://baike.com/ completed in 38.613s.
<-- request http://ebates.com/ completed in 38.617s.
<-- request http://subscene.com/ completed in 38.657s.
<-- request http://surveymonkey.com/ completed in 38.696s.
<-- request http://csgolounge.com/ completed in 38.7s.
<-- request http://hotmovs.com/ completed in 38.721s.
<-- request http://yandex.ua/ completed in 38.724s.
<-- request http://behance.net/ completed in 38.754s.
<-- request http://shopclues.com/ completed in 38.858s.
<-- request http://disqus.com/ completed in 39.03s.
<-- request http://thefreedictionary.com/ completed in 39.039s.
<-- request http://corriere.it/ completed in 39.055s.
<-- request http://korabia.com/ completed in 39.074s.
<-- request http://aparat.com/ completed in 39.076s.
<-- request http://npr.org/ completed in 39.113s.
<-- request http://olx.in/ completed in 39.122s.
<-- request http://wsj.com/ completed in 39.293s.
<-- request http://wattpad.com/ completed in 39.294s.
<-- request http://hootsuite.com/ completed in 39.31s.
<-- request http://patch.com/ completed in 39.322s.
<-- request http://nownews.com/ completed in 39.351s.
<-- request http://adp.com/ completed in 39.455s.
<-- request http://nikkei.com/ completed in 39.526s.
<-- request http://shaparak.ir/ completed in 39.763s.
<-- request http://ensonhaber.com/ completed in 39.778s.
<-- request http://4399.com/ completed in 39.805s.
<-- request http://merdeka.com/ completed in 39.823s.
<-- request http://interia.pl/ completed in 39.849s.
<-- request http://prothom-alo.com/ completed in 39.86s.
<-- request http://asahi.com/ completed in 39.881s.
<-- request http://kapanlagi.com/ completed in 39.97s.
[ERROR] ECONNRESET for http://namu.wiki/.
<-- request http://yandex.com.tr/ completed in 40.012s.
<-- request http://ci123.com/ completed in 40.053s.
<-- request http://heroquizz.com/ completed in 40.197s.
<-- request http://delta.com/ completed in 40.257s.
<-- request http://vk.me/ completed in 40.265s.
<-- request http://momoshop.com.tw/ completed in 40.366s.
<-- request http://azlyrics.com/ completed in 40.408s.
<-- request http://cisco.com/ completed in 40.454s.
<-- request http://www.gov.uk/ completed in 40.479s.
<-- request http://glassdoor.com/ completed in 40.503s.
<-- request http://investing.com/ completed in 40.518s.
<-- request http://google.com.do/ completed in 40.529s.
<-- request http://emol.com/ completed in 40.556s.
<-- request http://haber7.com/ completed in 40.583s.
<-- request http://engadget.com/ completed in 40.632s.
<-- request http://alexa.cn/ completed in 40.711s.
<-- request http://cookpad.com/ completed in 40.716s.
<-- request http://rottentomatoes.com/ completed in 40.721s.
<-- request http://sq.cn/ completed in 40.791s.
<-- request http://asana.com/ completed in 40.793s.
<-- request http://bs.to/ completed in 40.794s.
<-- request http://pch.com/ completed in 40.827s.
<-- request http://youboy.com/ completed in 40.875s.
<-- request http://google.com.my/ completed in 40.877s.
<-- request http://jimdo.com/ completed in 40.892s.
<-- request http://google.rs/ completed in 40.899s.
<-- request http://eskimi.com/ completed in 40.916s.
<-- request http://123cha.com/ completed in 40.959s.
<-- request http://people.com/ completed in 40.985s.
<-- request http://zulily.com/ completed in 40.988s.
<-- request http://google.co.nz/ completed in 40.989s.
<-- request http://yaolan.com/ completed in 41.118s.
<-- request http://mit.edu/ completed in 41.192s.
<-- request http://google.com.ec/ completed in 41.195s.
<-- request http://indianexpress.com/ completed in 41.217s.
<-- request http://udemy.com/ completed in 41.232s.
<-- request http://verizonwireless.com/ completed in 41.312s.
<-- request http://nextdoor.com/ completed in 41.358s.
<-- request http://urbandictionary.com/ completed in 41.411s.
<-- request http://slate.com/ completed in 41.456s.
<-- request http://thekitchn.com/ completed in 41.524s.
<-- request http://meaww.com/ completed in 41.632s.
<-- request http://as.com/ completed in 41.699s.
[ERROR] ETIMEDOUT for http://jabong.com/.
<-- request http://eyny.com/ completed in 41.785s.
<-- request http://le.com/ completed in 41.786s.
<-- request http://myntra.com/ completed in 41.787s.
<-- request http://wikiwiki.jp/ completed in 41.789s.
<-- request http://instructure.com/ completed in 41.793s.
<-- request http://sakura.ne.jp/ completed in 41.804s.
<-- request http://latimes.com/ completed in 41.893s.
<-- request http://redfin.com/ completed in 41.902s.
<-- request http://tmz.com/ completed in 42.019s.
<-- request http://quikr.com/ completed in 42.059s.
<-- request http://blogspot.mx/ completed in 42.082s.
<-- request http://nexusmods.com/ completed in 42.099s.
<-- request http://intoday.in/ completed in 42.112s.
[ERROR] ENOTFOUND for http://vodlocker.com/.
<-- request http://priceline.com/ completed in 42.252s.
<-- request http://mercadolibre.com.ve/ completed in 42.258s.
<-- request http://olx.ua/ completed in 42.359s.
<-- request http://teepr.com/ completed in 42.372s.
<-- request http://superuser.com/ completed in 42.393s.
<-- request http://filehippo.com/ completed in 42.463s.
<-- request http://gameforge.com/ completed in 42.489s.
<-- request http://tabelog.com/ completed in 42.512s.
[ERROR] ECONNRESET for http://givemesport.com/.
[ERROR] ETIMEDOUT for http://ticketmaster.com/.
<-- request http://android.com/ completed in 42.597s.
<-- request http://mixi.jp/ completed in 42.627s.
<-- request http://nikkeibp.co.jp/ completed in 42.693s.
<-- request http://google.hr/ completed in 42.735s.
<-- request http://eventbrite.com/ completed in 42.871s.
<-- request http://chinaso.com/ completed in 43.057s.
<-- request http://foodnetwork.com/ completed in 43.062s.
<-- request http://hatena.ne.jp/ completed in 43.072s.
<-- request http://mercadolibre.com.mx/ completed in 43.082s.
<-- request http://ria.ru/ completed in 43.126s.
<-- request http://mint.com/ completed in 43.136s.
<-- request http://ero-video.net/ completed in 43.152s.
<-- request http://kdnet.net/ completed in 43.198s.
<-- request http://pantip.com/ completed in 43.213s.
<-- request http://zhanqi.tv/ completed in 43.261s.
<-- request http://prezi.com/ completed in 43.365s.
<-- request http://sciencedirect.com/ completed in 43.38s.
<-- request http://marriott.com/ completed in 43.387s.
<-- request http://creditkarma.com/ completed in 43.497s.
<-- request http://bitbucket.org/ completed in 43.507s.
<-- request http://nydailynews.com/ completed in 43.515s.
<-- request http://nypost.com/ completed in 43.518s.
<-- request http://google.lt/ completed in 43.524s.
<-- request http://topix.com/ completed in 43.525s.
<-- request http://yodobashi.com/ completed in 43.616s.
<-- request http://mapquest.com/ completed in 43.649s.
[ERROR] ECONNRESET for http://youjizz.com/.
<-- request http://pcmag.com/ completed in 43.689s.
<-- request http://acunn.com/ completed in 43.69s.
<-- request http://mataharimall.com/ completed in 43.746s.
<-- request http://india.com/ completed in 43.747s.
<-- request http://panda.tv/ completed in 43.751s.
<-- request http://sankei.com/ completed in 43.752s.
<-- request http://politico.com/ completed in 43.755s.
<-- request http://staples.com/ completed in 43.756s.
<-- request http://bodybuilding.com/ completed in 43.757s.
<-- request http://uber.com/ completed in 43.822s.
<-- request http://thisav.com/ completed in 43.916s.
<-- request http://mynavi.jp/ completed in 43.917s.
<-- request http://breitbart.com/ completed in 43.987s.
<-- request http://getpocket.com/ completed in 43.988s.
<-- request http://cnmo.com/ completed in 44.003s.
<-- request http://itmedia.co.jp/ completed in 44.153s.
<-- request http://vporn.com/ completed in 44.212s.
<-- request http://lun.com/ completed in 44.213s.
<-- request http://duolingo.com/ completed in 44.229s.
[ERROR] ETIMEDOUT for http://retailmenot.com/.
<-- request http://voc.com.cn/ completed in 44.391s.
<-- request http://mega.co.nz/ completed in 44.391s.
<-- request http://sozcu.com.tr/ completed in 44.481s.
[ERROR] ETIMEDOUT for http://overstock.com/.
<-- request http://ebay.fr/ completed in 44.591s.
<-- request http://thehindu.com/ completed in 44.618s.
<-- request http://cpasbien.cm/ completed in 44.631s.
<-- request http://slimspots.com/ completed in 44.655s.
<-- request http://salesforce.com/ completed in 44.711s.
<-- request http://fanfiction.net/ completed in 44.756s.
[ERROR] ECONNREFUSED for http://pornhub.com/.
<-- request http://basecamp.com/ completed in 44.8s.
<-- request http://bleacherreport.com/ completed in 44.863s.
<-- request http://techcrunch.com/ completed in 44.915s.
<-- request http://cbssports.com/ completed in 44.926s.
<-- request http://neobux.com/ completed in 44.976s.
<-- request http://ampclicks.com/ completed in 45.054s.
<-- request http://makemytrip.com/ completed in 45.071s.
<-- request http://flashx.tv/ completed in 45.072s.
<-- request http://rapidgator.net/ completed in 45.077s.
<-- request http://ryanair.com/ completed in 45.11s.
<-- request http://ultimate-guitar.com/ completed in 45.135s.
<-- request http://incometaxindiaefiling.gov.in/ completed in 45.21s.
<-- request http://agoda.com/ completed in 45.213s.
<-- request http://drive2.ru/ completed in 45.249s.
<-- request http://cctv.com/ completed in 45.346s.
<-- request http://citibank.co.in/ completed in 45.371s.
<-- request http://digitaltrends.com/ completed in 45.374s.
<-- request http://indianrail.gov.in/ completed in 45.451s.
<-- request http://irs.gov/ completed in 45.481s.
[ERROR] ECONNREFUSED for http://aliexpress.com/.
<-- request http://otto.de/ completed in 45.622s.
<-- request http://eonline.com/ completed in 45.642s.
<-- request http://fanpage.gr/ completed in 45.671s.
[ERROR] ETIMEDOUT for http://pof.com/.
<-- request http://farsnews.com/ completed in 45.727s.
<-- request http://quizlet.com/ completed in 45.788s.
[ERROR] ECONNREFUSED for http://alibaba.com/.
<-- request http://allrecipes.com/ completed in 45.958s.
<-- request http://sfgate.com/ completed in 46.014s.
<-- request http://oeeee.com/ completed in 46.046s.
<-- request http://tripadvisor.co.uk/ completed in 46.127s.
<-- request http://gmanetwork.com/ completed in 46.224s.
<-- request http://state.gov/ completed in 46.287s.
<-- request http://wwwpromoter.com/ completed in 46.297s.
<-- request http://sex.com/ completed in 46.318s.
<-- request http://credit-agricole.fr/ completed in 46.38s.
<-- request http://uptobox.com/ completed in 46.431s.
<-- request http://dailypakistan.com.pk/ completed in 46.496s.
<-- request http://kotaku.com/ completed in 46.502s.
<-- request http://exblog.jp/ completed in 46.51s.
<-- request http://rightmove.co.uk/ completed in 46.578s.
<-- request http://issuu.com/ completed in 46.586s.
<-- request http://fandango.com/ completed in 46.792s.
<-- request http://39.net/ completed in 46.931s.
<-- request http://qvc.com/ completed in 46.938s.
<-- request http://internethaber.com/ completed in 46.992s.
<-- request http://tomshardware.com/ completed in 47.14s.
<-- request http://ew.com/ completed in 47.147s.
<-- request http://bola.net/ completed in 47.149s.
<-- request http://to8to.com/ completed in 47.2s.
<-- request http://ctrip.com/ completed in 47.204s.
<-- request http://todayhumor.co.kr/ completed in 47.205s.
<-- request http://popsugar.com/ completed in 47.228s.
<-- request http://bedbathandbeyond.com/ completed in 47.258s.
<-- request http://gazeta.pl/ completed in 47.35s.
<-- request http://vk.com/ completed in 47.352s.
<-- request http://panasonic.jp/ completed in 47.444s.
<-- request http://pixabay.com/ completed in 47.461s.
<-- request http://espn.go.com/ completed in 47.504s.
<-- request http://genius.com/ completed in 47.543s.
<-- request http://chron.com/ completed in 47.567s.
<-- request http://uzone.id/ completed in 47.668s.
<-- request http://wav.tv/ completed in 47.706s.
<-- request http://babycenter.com/ completed in 47.709s.
<-- request http://3dmgame.com/ completed in 47.716s.
<-- request http://match.com/ completed in 47.723s.
<-- request http://msn.com/ completed in 47.729s.
<-- request http://cdiscount.com/ completed in 47.832s.
<-- request http://wikipedia.org/ completed in 47.916s.
<-- request http://life.tw/ completed in 47.933s.
<-- request http://microsoft.com/ completed in 48.093s.
<-- request http://xvideos.com/ completed in 48.107s.
<-- request http://dcinside.com/ completed in 48.125s.
<-- request http://pinterest.com/ completed in 48.139s.
<-- request http://liveleak.com/ completed in 48.208s.
<-- request http://instagram.com/ completed in 48.236s.
[ERROR] ECONNREFUSED for http://redtube.com/.
<-- request http://legacy.com/ completed in 48.271s.
<-- request http://wordpress.com/ completed in 48.285s.
<-- request http://duowan.com/ completed in 48.388s.
<-- request http://tmall.com/ completed in 48.54s.
<-- request http://live.com/ completed in 48.644s.
<-- request http://jrj.com.cn/ completed in 48.762s.
<-- request http://amazon.com/ completed in 48.827s.
<-- request http://whatsapp.com/ completed in 48.953s.
<-- request http://dream.co.id/ completed in 49.049s.
<-- request http://indiamart.com/ completed in 49.092s.
<-- request http://thethao247.vn/ completed in 49.116s.
<-- request http://youtube.com/ completed in 49.134s.
<-- request http://naver.com/ completed in 49.199s.
<-- request http://zillow.com/ completed in 49.237s.
<-- request http://divar.ir/ completed in 49.256s.
<-- request http://163.com/ completed in 49.261s.
<-- request http://ikea.com/ completed in 49.331s.
<-- request http://uptodown.com/ completed in 49.352s.
[ERROR] ECONNRESET for http://slideshare.net/.
<-- request http://theladbible.com/ completed in 49.411s.
<-- request http://icolor.com.cn/ completed in 49.501s.
[ERROR] ECONNRESET for http://dailymotion.com/.
<-- request http://abril.com.br/ completed in 49.64s.
<-- request http://outbrain.com/ completed in 49.673s.
<-- request http://avito.ru/ completed in 49.684s.
<-- request http://wikia.com/ completed in 49.713s.
<-- request http://youm7.com/ completed in 49.763s.
<-- request http://leboncoin.fr/ completed in 49.837s.
<-- request http://amazon.cn/ completed in 49.86s.
<-- request http://xnxx.com/ completed in 49.966s.
<-- request http://wikimedia.org/ completed in 49.969s.
<-- request http://dropbox.com/ completed in 50.049s.
<-- request http://zhihu.com/ completed in 50.067s.
<-- request http://indeed.com/ completed in 50.158s.
<-- request http://wittyfeed.com/ completed in 50.2s.
<-- request http://douyu.com/ completed in 50.301s.
<-- request http://amazon.de/ completed in 50.344s.
<-- request http://usps.com/ completed in 50.346s.
<-- request http://netflix.com/ completed in 50.369s.
<-- request http://weather.com/ completed in 50.43s.
<-- request http://godaddy.com/ completed in 50.501s.
<-- request http://livejournal.com/ completed in 50.509s.
<-- request http://amazonaws.com/ completed in 50.561s.
<-- request http://ups.com/ completed in 50.565s.
<-- request http://oracle.com/ completed in 50.566s.
[ERROR] ETIMEDOUT for http://123movies.to/.
<-- request http://yelp.com/ completed in 50.637s.
<-- request http://airbnb.com/ completed in 50.643s.
<-- request http://bloomberg.com/ completed in 50.868s.
<-- request http://cnzz.com/ completed in 50.918s.
<-- request http://comcast.net/ completed in 50.925s.
<-- request http://pinimg.com/ completed in 50.931s.
<-- request http://sogou.com/ completed in 50.967s.
<-- request http://naver.jp/ completed in 51.097s.
<-- request http://webtretho.com/ completed in 51.132s.
<-- request http://abs-cbn.com/ completed in 51.475s.
<-- request http://hulu.com/ completed in 51.487s.
<-- request http://iqiyi.com/ completed in 51.518s.
<-- request http://goodreads.com/ completed in 51.567s.
<-- request http://thesaurus.com/ completed in 51.572s.
<-- request http://repubblica.it/ completed in 51.592s.
<-- request http://taringa.net/ completed in 51.626s.
<-- request http://kinopoisk.ru/ completed in 51.641s.
<-- request http://uefa.com/ completed in 51.669s.
<-- request http://shutterstock.com/ completed in 51.77s.
<-- request http://familydoctor.com.cn/ completed in 51.783s.
<-- request http://zomato.com/ completed in 51.916s.
<-- request http://urdupoint.com/ completed in 51.938s.
<-- request http://fedex.com/ completed in 51.975s.
<-- request http://ebay.in/ completed in 52.142s.
[ERROR] ECONNRESET for http://shopify.com/.
<-- request http://wunderground.com/ completed in 52.239s.
<-- request http://upwork.com/ completed in 52.251s.
<-- request http://telegraph.co.uk/ completed in 52.273s.
<-- request http://hespress.com/ completed in 52.277s.
<-- request http://mobile.de/ completed in 52.28s.
<-- request http://goal.com/ completed in 52.295s.
<-- request http://hotels.com/ completed in 52.32s.
<-- request http://thesportbible.com/ completed in 52.35s.
<-- request http://usaa.com/ completed in 52.359s.
<-- request http://hotstar.com/ completed in 52.379s.
<-- request http://justdial.com/ completed in 52.555s.
<-- request http://southwest.com/ completed in 52.589s.
<-- request http://sh.st/ completed in 52.593s.
<-- request http://exoclick.com/ completed in 52.597s.
<-- request http://umblr.com/ completed in 52.609s.
<-- request http://fiverr.com/ completed in 52.626s.
<-- request http://rt.com/ completed in 52.631s.
<-- request http://vice.com/ completed in 52.7s.
<-- request http://yadi.sk/ completed in 52.714s.
<-- request http://bbc.co.uk/ completed in 52.723s.
<-- request http://bild.de/ completed in 52.746s.
<-- request http://discovercard.com/ completed in 52.763s.
<-- request http://xe.com/ completed in 52.779s.
<-- request http://savefrom.net/ completed in 52.784s.
<-- request http://list.tmall.com/ completed in 52.823s.
<-- request http://reuters.com/ completed in 52.884s.
<-- request http://dictionary.com/ completed in 52.911s.
<-- request http://norton.com/ completed in 52.929s.
<-- request http://asus.com/ completed in 53.032s.
<-- request http://amazon.co.uk/ completed in 53.072s.
<-- request http://nih.gov/ completed in 53.119s.
<-- request http://gamepedia.com/ completed in 53.182s.
<-- request http://instructables.com/ completed in 53.331s.
<-- request http://amazon.co.jp/ completed in 53.348s.
<-- request http://pandora.com/ completed in 53.397s.
<-- request http://dropbooks.tv/ completed in 53.418s.
<-- request http://fitbit.com/ completed in 53.595s.
<-- request http://blog.me/ completed in 53.643s.
<-- request http://custhelp.com/ completed in 53.647s.
<-- request http://usbank.com/ completed in 53.675s.
<-- request http://researchgate.net/ completed in 53.689s.
<-- request http://squarespace.com/ completed in 53.731s.
[ERROR] ETIMEDOUT for http://niuche.com/.
<-- request http://zara.com/ completed in 53.909s.
<-- request http://xda-developers.com/ completed in 53.952s.
<-- request http://amazon.it/ completed in 53.956s.
<-- request http://chip.de/ completed in 53.966s.
<-- request http://lapatilla.com/ completed in 53.973s.
<-- request http://mbc.net/ completed in 54.033s.
<-- request http://impress.co.jp/ completed in 54.064s.
<-- request http://airtel.in/ completed in 54.082s.
<-- request http://yts.ag/ completed in 54.121s.
<-- request http://okcupid.com/ completed in 54.18s.
<-- request http://bookmyshow.com/ completed in 54.187s.
<-- request http://amazon.fr/ completed in 54.268s.
<-- request http://discover.com/ completed in 54.282s.
<-- request http://sahibinden.com/ completed in 54.3s.
<-- request http://cnblogs.com/ completed in 54.317s.
<-- request http://box.com/ completed in 54.35s.
<-- request http://alwafd.org/ completed in 54.372s.
<-- request http://zoho.com/ completed in 54.373s.
<-- request http://twoo.com/ completed in 54.385s.
<-- request http://java.com/ completed in 54.4s.
<-- request http://woot.com/ completed in 54.464s.
<-- request http://manoramaonline.com/ completed in 54.481s.
<-- request http://bhphotovideo.com/ completed in 54.5s.
<-- request http://sky.com/ completed in 54.514s.
<-- request http://nba.com/ completed in 54.572s.
<-- request http://lequipe.fr/ completed in 54.593s.
<-- request http://verizon.com/ completed in 54.595s.
<-- request http://timeanddate.com/ completed in 54.609s.
<-- request http://wiktionary.org/ completed in 54.625s.
<-- request http://spankbang.com/ completed in 54.72s.
<-- request http://usatoday.com/ completed in 54.724s.
<-- request http://theverge.com/ completed in 54.771s.
<-- request http://amazon.in/ completed in 54.806s.
<-- request http://hotnewhiphop.com/ completed in 54.809s.
<-- request http://cbsnews.com/ completed in 54.813s.
<-- request http://westernjournalism.com/ completed in 54.83s.
<-- request http://wp.pl/ completed in 54.851s.
<-- request http://y8.com/ completed in 54.914s.
<-- request http://reverso.net/ completed in 54.934s.
<-- request http://buy.tmall.com/ completed in 54.944s.
<-- request http://prpops.com/ completed in 54.973s.
<-- request http://gamefaqs.com/ completed in 55.001s.
<-- request http://104.com.tw/ completed in 55.058s.
<-- request http://hbogo.com/ completed in 55.074s.
<-- request http://discuss.com.hk/ completed in 55.077s.
<-- request http://drom.ru/ completed in 55.202s.
<-- request http://bt.com/ completed in 55.228s.
<-- request http://newegg.com/ completed in 55.301s.
<-- request http://thedailybeast.com/ completed in 55.322s.
<-- request http://microsoftstore.com/ completed in 55.326s.
<-- request http://booking.com/ completed in 55.396s.
<-- request http://battlefield.com/ completed in 55.458s.
<-- request http://gamespot.com/ completed in 55.468s.
<-- request http://inquirer.net/ completed in 55.504s.
<-- request http://atlassian.net/ completed in 55.523s.
<-- request http://appledaily.com.tw/ completed in 55.607s.
<-- request http://58.com/ completed in 55.613s.
<-- request http://myanimelist.net/ completed in 55.66s.
<-- request http://swagbucks.com/ completed in 55.667s.
<-- request http://biobiochile.cl/ completed in 55.755s.
<-- request http://gazzetta.it/ completed in 55.759s.
<-- request http://fatosdesconhecidos.com.br/ completed in 55.787s.
<-- request http://howtogeek.com/ completed in 55.788s.
<-- request http://marktplaats.nl/ completed in 55.793s.
<-- request http://zappos.com/ completed in 55.833s.
<-- request http://marketwatch.com/ completed in 55.892s.
<-- request http://so-net.ne.jp/ completed in 55.945s.
<-- request http://sfr.fr/ completed in 56.057s.
<-- request http://garmin.com/ completed in 56.115s.
<-- request http://moneycontrol.com/ completed in 56.21s.
<-- request http://battle.net/ completed in 56.233s.
<-- request http://yjc.ir/ completed in 56.287s.
<-- request http://idnes.cz/ completed in 56.296s.
<-- request http://amazon.ca/ completed in 56.317s.
<-- request http://hao123.com/ completed in 56.32s.
<-- request http://bestadbid.com/ completed in 56.326s.
<-- request http://dmm.com/ completed in 56.368s.
<-- request http://vnexpress.net/ completed in 56.467s.
<-- request http://banggood.com/ completed in 56.469s.
<-- request http://hubspot.com/ completed in 56.478s.
<-- request http://myfitnesspal.com/ completed in 56.518s.
<-- request http://commentcamarche.net/ completed in 56.541s.
<-- request http://kickstarter.com/ completed in 56.577s.
[ERROR] Error: Exceeded maxRedirects. Probably stuck in a redirect loop https://accounts.google.com/ServiceLogin?service=blogger&hl=ru&passive=true&go=true&continue=https://www.blogger.com?rinli%3D1 for http://blogspot.com/
[ERROR] Error: Exceeded maxRedirects. Probably stuck in a redirect loop https://accounts.google.com/ServiceLogin?service=blogger&hl=ru&passive=true&go=true&continue=https://www.blogger.com?rinli%3D1 for http://blogger.com/
<-- request http://independent.co.uk/ completed in 56.653s.
<-- request http://wowhead.com/ completed in 56.676s.
<-- request http://minecraft.net/ completed in 56.855s.
<-- request http://novinky.cz/ completed in 56.859s.
<-- request http://lacaixa.es/ completed in 56.93s.
<-- request http://g2a.com/ completed in 56.934s.
<-- request http://zing.vn/ completed in 56.966s.
<-- request http://messenger.com/ completed in 57.009s.
<-- request http://milanuncios.com/ completed in 57.053s.
<-- request http://mayoclinic.org/ completed in 57.157s.
[ERROR] Error: Exceeded maxRedirects. Probably stuck in a redirect loop http://www.globo.com/ for http://globo.com/
<-- request http://51sole.com/ completed in 57.188s.
<-- request http://samsung.com/ completed in 57.211s.
<-- request http://wikihow.com/ completed in 57.246s.
<-- request http://mozilla.org/ completed in 57.301s.
[ERROR] Error: Exceeded maxRedirects. Probably stuck in a redirect loop https://www.mi.com/ru/ for http://mi.com/
<-- request http://files.wordpress.com/ completed in 57.38s.
[ERROR] Error: Exceeded maxRedirects. Probably stuck in a redirect loop http://products.office.com/sharepoint/collaboration?ms.officeurl=sharepoint for http://sharepoint.com/
<-- request http://spotify.com/ completed in 57.458s.
<-- request http://hm.com/ completed in 57.465s.
<-- request http://avg.com/ completed in 57.589s.
<-- request http://360doc.com/ completed in 57.614s.
[ERROR] Error: Exceeded maxRedirects. Probably stuck in a redirect loop https://geo.craigslist.org/ for http://craigslist.org/
<-- request http://bitauto.com/ completed in 57.625s.
[ERROR] Error: Exceeded maxRedirects. Probably stuck in a redirect loop http://www.blackboard.com/index.html for http://blackboard.com/
<-- request http://taobao.com/ completed in 57.671s.
[ERROR] Error: Exceeded maxRedirects. Probably stuck in a redirect loop https://www.ibm.com/ru-en/ for http://ibm.com/
[ERROR] Error: Exceeded maxRedirects. Probably stuck in a redirect loop http://www.mcafee.com/en-us/index.html for http://mcafee.com/
<-- request http://yomiuri.co.jp/ completed in 57.768s.
[ERROR] Error: Exceeded maxRedirects. Probably stuck in a redirect loop http://www.cnbc.com/id/100746255?region=world for http://cnbc.com/
<-- request http://6pm.com/ completed in 57.799s.
[ERROR] Error: Exceeded maxRedirects. Probably stuck in a redirect loop https://www.aa.com/homePage.do for http://aa.com/
[ERROR] Error: Exceeded maxRedirects. Probably stuck in a redirect loop https://www.intel.ru/ for http://intel.com/
[ERROR] Error: Exceeded maxRedirects. Probably stuck in a redirect loop https://www.sears.com/en_intnl/dap/shopping-tourism.html for http://sears.com/
[ERROR] Error: Exceeded maxRedirects. Probably stuck in a redirect loop https://www.houzz.ru/siteSwitch/r=aHR0cHM6Ly93d3cuaG91enoucnU_aXJzPVVT/p=101/d=106/v=ODYwMzI1NTAtODlmNC00MWY5LWIyZjUtMTYyYzUyMmIxYzIz/du=aHR0cHM6Ly93d3cuaG91enoucnU_aXJzPVVT for http://houzz.com/
<-- request http://walgreens.com/ completed in 57.983s.
<-- request http://subito.it/ completed in 57.984s.
[ERROR] Error: Exceeded maxRedirects. Probably stuck in a redirect loop https://hh.ru/ for http://hh.ru/
<-- request http://bankmellat.ir/ completed in 58.013s.
<-- request http://xbox.com/ completed in 58.025s.
<-- request http://hp.com/ completed in 58.031s.
<-- request http://bomb01.com/ completed in 58.05s.
<-- request http://vox.com/ completed in 58.068s.
[ERROR] Error: Exceeded maxRedirects. Probably stuck in a redirect loop https://www.pogo.com/account/pogo/id2/success?state=cmVkaXJlY3Q9aHR0cHMlM0ElMkYlMkZwb2dvLmNvbSUyRiUzRnNsJTNEMSZzb3VyY2U9cG9nbyZleHRlcm5hbEFwcD1mYWxzZQ%3D%3D&error=login_required for http://pogo.com/
<-- request http://softonic.com/ completed in 58.182s.
<-- request http://lenovo.com/ completed in 58.195s.
<-- request http://thewatchseries.to/ completed in 58.201s.
<-- request http://washingtonpost.com/ completed in 58.228s.
<-- request http://fbcdn.net/ completed in 58.232s.
<-- request http://facebook.com/ completed in 58.242s.
<-- request http://leagueoflegends.com/ completed in 58.244s.
[ERROR] Error: Exceeded maxRedirects. Probably stuck in a redirect loop https://pass.tmall.com/add?cookie2=183f668ad24be5651a9e16a0d073b4e6&t=21791a8b5efbd96bc3ca435b0e8ef611&_tb_token_=3155fe864e3e3&tmsc=1537533363362000&opi=10.103.184.127&pacc=ngFxbGJvyFHx2pKHQBfUcg==&target=https%3A%2F%2Fdetail.tmall.com%2F%3Ftbpm%3D1 for http://detail.tmall.com/
<-- request http://sberbank.ru/ completed in 58.38s.
<-- request http://constantcontact.com/ completed in 58.408s.
<-- request http://gap.com/ completed in 58.422s.
<-- request http://free.fr/ completed in 58.424s.
[ERROR] Error: Exceeded maxRedirects. Probably stuck in a redirect loop https://watsons.world.tmall.com/ for http://watsons.tmall.com/
<-- request http://varzesh3.com/ completed in 58.461s.
[ERROR] Error: Exceeded maxRedirects. Probably stuck in a redirect loop https://www.123rf.com/ for http://123rf.com/
<-- request http://wiley.com/ completed in 58.499s.
[ERROR] Error: Exceeded maxRedirects. Probably stuck in a redirect loop https://adidas.world.tmall.com/ for http://adidas.tmall.com/
<-- request http://wp.com/ completed in 58.641s.
<-- request http://weblio.jp/ completed in 58.644s.
<-- request http://liveinternet.ru/ completed in 58.647s.
[ERROR] Error: Exceeded maxRedirects. Probably stuck in a redirect loop https://pass.tmall.com/add?cookie2=1bc3516a336239873542eee43b42cbdf&t=2c09b18cc6d31af5f6ca6221b8d9c32c&_tb_token_=5443a174b38e3&tmsc=1537533366799000&opi=11.251.129.145&pacc=vC4enPgBxRDCvkeYr0WJRw==&target=https%3A%2F%2Fchaoshi.tmall.com%2F%3Ftbpm%3D1%26targetPage%3Dindex for http://chaoshi.tmall.com/
[ERROR] Error: Exceeded maxRedirects. Probably stuck in a redirect loop https://www.pnc.com/bin/pnc/homepageredirector for http://pnc.com/
<-- request http://nifty.com/ completed in 58.784s.
<-- request http://coursera.org/ completed in 58.789s.
<-- request http://ptt.cc/ completed in 58.798s.
<-- request http://orange.fr/ completed in 58.805s.
<-- request http://gazetaexpress.com/ completed in 58.949s.
<-- request http://t-mobile.com/ completed in 59.072s.
<-- request http://paytm.com/ completed in 59.083s.
<-- request http://paypal.com/ completed in 59.102s.
[ERROR] Error: Exceeded maxRedirects. Probably stuck in a redirect loop https://dauth.user.ameba.jp/user/check?client_id=db98bf8b687fc3334c4b8cde9116687fd75eb285ed5a2373df8010ae070f5338&redirect_uri=https%3A%2F%2Fwww.ameba.jp%2FloginCheck.do for http://ameba.jp/
<-- request http://amazon.es/ completed in 59.168s.
<-- request http://blastingnews.com/ completed in 59.301s.
<-- request http://clien.net/ completed in 59.35s.
<-- request http://labanquepostale.fr/ completed in 59.713s.
[ERROR] Error: Exceeded maxRedirects. Probably stuck in a redirect loop https://www.aliyun.com/ for http://aliyun.com/
<-- request http://infoseek.co.jp/ completed in 59.872s.
<-- request http://bankofamerica.com/ completed in 59.928s.
<-- request http://allegro.pl/ completed in 60.36s.
<-- request http://goo.ne.jp/ completed in 60.396s.
<-- request http://theguardian.com/ completed in 60.576s.
<-- request http://force.com/ completed in 60.702s.
<-- request http://mynet.com/ completed in 60.8s.
<-- request http://sina.com.cn/ completed in 60.821s.
<-- request http://hepsiburada.com/ completed in 61.619s.
<-- request http://audible.com/ completed in 61.96s.
<-- request http://telekom.com/ completed in 62.202s.
<-- request http://kompas.com/ completed in 63.197s.
<-- request http://liputan6.com/ completed in 64.095s.
<-- request http://meetup.com/ completed in 64.115s.
<-- request http://cnn.com/ completed in 64.24s.
<-- request http://hilton.com/ completed in 64.289s.
<-- request http://daum.net/ completed in 64.466s.
<-- request http://lazada.co.id/ completed in 67.616s.
<-- request http://udn.com/ completed in 68.523s.
[ERROR] ETIMEDOUT for http://united.com/.
<-- request http://kayak.com/ completed in 80.619s.
<-- request http://digikala.com/ completed in 83.425s.
